<?xml version="1.0" encoding="UTF-8"?>
<!-- Generated by org.testng.reporters.JUnitReportReporter -->
<testsuite hostname="SriniRepala" failures="0" tests="3" name="APITests.Get_Requests" time="10.507" errors="0" timestamp="2024-04-18T12:03:10 SAST" skipped="0">
  <testcase classname="APITests.Get_Requests" name="getFifthMovieandChecktheProducers" time="6.109"/>
  <system-out/>
  <testcase classname="APITests.Get_Requests" name="getThirdMovieandChecktheDirector" time="1.546"/>
  <system-out/>
  <testcase classname="APITests.Get_Requests" name="getListOfMoviesandCount" time="2.852"/>
  <system-out/>
</testsuite> <!-- APITests.Get_Requests -->
